2023-05-17T10:59:07+00:00 CRITICAL 'continue' not in the 'loop' or 'switch' context in /var/www/html/houzez/wp-content/themes/homez/functions.php on line 860

2023-05-17T10:59:07+00:00 CRITICAL 'continue' not in the 'loop' or 'switch' context in /var/www/html/houzez/wp-content/themes/homez/functions.php on line 860

2023-05-17T11:24:42+00:00 CRITICAL syntax error, unexpected end of file in /var/www/html/houzez/wp-content/themes/homez/template-properties/single-property/google-places-content.php on line 78

2023-05-17T12:04:48+00:00 CRITICAL Uncaught Error: Cannot use object of type WC_DateTime as array in /var/www/html/houzez/wp-content/themes/homez/template-order-managentment/index.php:197
Stack trace:
#0 /var/www/html/houzez/wp-content/themes/homez/functions.php(857): include_once()
#1 /var/www/html/houzez/wp-includes/class-wp-hook.php(308): template_order_management('/var/www/html/h...')
#2 /var/www/html/houzez/wp-includes/plugin.php(205): WP_Hook->apply_filters('/var/www/html/h...', Array)
#3 /var/www/html/houzez/wp-includes/template-loader.php(104): apply_filters('template_includ...', '/var/www/html/h...')
#4 /var/www/html/houzez/wp-blog-header.php(19): require_once('/var/www/html/h...')
#5 /var/www/html/houzez/index.php(17): require('/var/www/html/h...')
#6 {main}
  thrown in /var/www/html/houzez/wp-content/themes/homez/template-order-managentment/index.php on line 197

2023-05-17T12:26:48+00:00 CRITICAL Uncaught Error: Call to a member function get_base_data() on array in /var/www/html/houzez/wp-content/themes/homez/template-order-managentment/index.php:195
Stack trace:
#0 /var/www/html/houzez/wp-content/themes/homez/functions.php(857): include_once()
#1 /var/www/html/houzez/wp-includes/class-wp-hook.php(308): template_order_management('/var/www/html/h...')
#2 /var/www/html/houzez/wp-includes/plugin.php(205): WP_Hook->apply_filters('/var/www/html/h...', Array)
#3 /var/www/html/houzez/wp-includes/template-loader.php(104): apply_filters('template_includ...', '/var/www/html/h...')
#4 /var/www/html/houzez/wp-blog-header.php(19): require_once('/var/www/html/h...')
#5 /var/www/html/houzez/index.php(17): require('/var/www/html/h...')
#6 {main}
  thrown in /var/www/html/houzez/wp-content/themes/homez/template-order-managentment/index.php on line 195

2023-05-17T13:03:41+00:00 CRITICAL Uncaught Error: Call to a member function get_short_description() on bool in /var/www/html/houzez/wp-content/themes/homez/template-order-managentment/index.php:199
Stack trace:
#0 /var/www/html/houzez/wp-content/themes/homez/functions.php(860): include_once()
#1 /var/www/html/houzez/wp-includes/class-wp-hook.php(308): template_order_management('/var/www/html/h...')
#2 /var/www/html/houzez/wp-includes/plugin.php(205): WP_Hook->apply_filters('/var/www/html/h...', Array)
#3 /var/www/html/houzez/wp-includes/template-loader.php(104): apply_filters('template_includ...', '/var/www/html/h...')
#4 /var/www/html/houzez/wp-blog-header.php(19): require_once('/var/www/html/h...')
#5 /var/www/html/houzez/index.php(17): require('/var/www/html/h...')
#6 {main}
  thrown in /var/www/html/houzez/wp-content/themes/homez/template-order-managentment/index.php on line 199

2023-05-17T13:31:43+00:00 CRITICAL Uncaught Error: Call to a member function get_short_description() on bool in /var/www/html/houzez/wp-content/themes/homez/template-order-managentment/index.php:198
Stack trace:
#0 /var/www/html/houzez/wp-content/themes/homez/functions.php(862): include_once()
#1 /var/www/html/houzez/wp-includes/class-wp-hook.php(308): template_order_management('/var/www/html/h...')
#2 /var/www/html/houzez/wp-includes/plugin.php(205): WP_Hook->apply_filters('/var/www/html/h...', Array)
#3 /var/www/html/houzez/wp-includes/template-loader.php(104): apply_filters('template_includ...', '/var/www/html/h...')
#4 /var/www/html/houzez/wp-blog-header.php(19): require_once('/var/www/html/h...')
#5 /var/www/html/houzez/index.php(17): require('/var/www/html/h...')
#6 {main}
  thrown in /var/www/html/houzez/wp-content/themes/homez/template-order-managentment/index.php on line 198

2023-05-17T13:33:06+00:00 CRITICAL Uncaught Error: Call to a member function get_short_description() on bool in /var/www/html/houzez/wp-content/themes/homez/template-order-managentment/index.php:198
Stack trace:
#0 /var/www/html/houzez/wp-content/themes/homez/functions.php(862): include_once()
#1 /var/www/html/houzez/wp-includes/class-wp-hook.php(308): template_order_management('/var/www/html/h...')
#2 /var/www/html/houzez/wp-includes/plugin.php(205): WP_Hook->apply_filters('/var/www/html/h...', Array)
#3 /var/www/html/houzez/wp-includes/template-loader.php(104): apply_filters('template_includ...', '/var/www/html/h...')
#4 /var/www/html/houzez/wp-blog-header.php(19): require_once('/var/www/html/h...')
#5 /var/www/html/houzez/index.php(17): require('/var/www/html/h...')
#6 {main}
  thrown in /var/www/html/houzez/wp-content/themes/homez/template-order-managentment/index.php on line 198

2023-05-17T13:33:11+00:00 CRITICAL Uncaught Error: Call to a member function get_short_description() on bool in /var/www/html/houzez/wp-content/themes/homez/template-order-managentment/index.php:198
Stack trace:
#0 /var/www/html/houzez/wp-content/themes/homez/functions.php(862): include_once()
#1 /var/www/html/houzez/wp-includes/class-wp-hook.php(308): template_order_management('/var/www/html/h...')
#2 /var/www/html/houzez/wp-includes/plugin.php(205): WP_Hook->apply_filters('/var/www/html/h...', Array)
#3 /var/www/html/houzez/wp-includes/template-loader.php(104): apply_filters('template_includ...', '/var/www/html/h...')
#4 /var/www/html/houzez/wp-blog-header.php(19): require_once('/var/www/html/h...')
#5 /var/www/html/houzez/index.php(17): require('/var/www/html/h...')
#6 {main}
  thrown in /var/www/html/houzez/wp-content/themes/homez/template-order-managentment/index.php on line 198

2023-05-17T13:33:53+00:00 CRITICAL Uncaught Error: Call to a member function get_short_description() on bool in /var/www/html/houzez/wp-content/themes/homez/template-order-managentment/index.php:199
Stack trace:
#0 /var/www/html/houzez/wp-content/themes/homez/functions.php(862): include_once()
#1 /var/www/html/houzez/wp-includes/class-wp-hook.php(308): template_order_management('/var/www/html/h...')
#2 /var/www/html/houzez/wp-includes/plugin.php(205): WP_Hook->apply_filters('/var/www/html/h...', Array)
#3 /var/www/html/houzez/wp-includes/template-loader.php(104): apply_filters('template_includ...', '/var/www/html/h...')
#4 /var/www/html/houzez/wp-blog-header.php(19): require_once('/var/www/html/h...')
#5 /var/www/html/houzez/index.php(17): require('/var/www/html/h...')
#6 {main}
  thrown in /var/www/html/houzez/wp-content/themes/homez/template-order-managentment/index.php on line 199

2023-05-17T13:34:15+00:00 CRITICAL Uncaught Error: Call to a member function get_short_description() on bool in /var/www/html/houzez/wp-content/themes/homez/template-order-managentment/index.php:200
Stack trace:
#0 /var/www/html/houzez/wp-content/themes/homez/functions.php(862): include_once()
#1 /var/www/html/houzez/wp-includes/class-wp-hook.php(308): template_order_management('/var/www/html/h...')
#2 /var/www/html/houzez/wp-includes/plugin.php(205): WP_Hook->apply_filters('/var/www/html/h...', Array)
#3 /var/www/html/houzez/wp-includes/template-loader.php(104): apply_filters('template_includ...', '/var/www/html/h...')
#4 /var/www/html/houzez/wp-blog-header.php(19): require_once('/var/www/html/h...')
#5 /var/www/html/houzez/index.php(17): require('/var/www/html/h...')
#6 {main}
  thrown in /var/www/html/houzez/wp-content/themes/homez/template-order-managentment/index.php on line 200

2023-05-17T13:35:39+00:00 CRITICAL Uncaught Error: Call to a member function get_short_description() on bool in /var/www/html/houzez/wp-content/themes/homez/template-order-managentment/index.php:200
Stack trace:
#0 /var/www/html/houzez/wp-content/themes/homez/functions.php(862): include_once()
#1 /var/www/html/houzez/wp-includes/class-wp-hook.php(308): template_order_management('/var/www/html/h...')
#2 /var/www/html/houzez/wp-includes/plugin.php(205): WP_Hook->apply_filters('/var/www/html/h...', Array)
#3 /var/www/html/houzez/wp-includes/template-loader.php(104): apply_filters('template_includ...', '/var/www/html/h...')
#4 /var/www/html/houzez/wp-blog-header.php(19): require_once('/var/www/html/h...')
#5 /var/www/html/houzez/index.php(17): require('/var/www/html/h...')
#6 {main}
  thrown in /var/www/html/houzez/wp-content/themes/homez/template-order-managentment/index.php on line 200

2023-05-17T14:57:33+00:00 CRITICAL Uncaught ArgumentCountError: Too few arguments to function generateCSV(), 0 passed in /var/www/html/houzez/wp-content/themes/homez/template-order-managentment/index.php on line 26 and exactly 1 expected in /var/www/html/houzez/wp-content/themes/homez/template-order-managentment/index.php:15
Stack trace:
#0 /var/www/html/houzez/wp-content/themes/homez/template-order-managentment/index.php(26): generateCSV()
#1 /var/www/html/houzez/wp-content/themes/homez/functions.php(862): include_once('/var/www/html/h...')
#2 /var/www/html/houzez/wp-includes/class-wp-hook.php(308): template_order_management('/var/www/html/h...')
#3 /var/www/html/houzez/wp-includes/plugin.php(205): WP_Hook->apply_filters('/var/www/html/h...', Array)
#4 /var/www/html/houzez/wp-includes/template-loader.php(104): apply_filters('template_includ...', '/var/www/html/h...')
#5 /var/www/html/houzez/wp-blog-header.php(19): require_once('/var/www/html/h...')
#6 /var/www/html/houzez/index.php(17): require('/var/www/html/h...')
#7 {main}
  thrown in /var/www/html/houzez/wp-content/themes/homez/template-order-managentment/index.php on line 15

2023-05-17T14:57:35+00:00 CRITICAL Uncaught ArgumentCountError: Too few arguments to function generateCSV(), 0 passed in /var/www/html/houzez/wp-content/themes/homez/template-order-managentment/index.php on line 26 and exactly 1 expected in /var/www/html/houzez/wp-content/themes/homez/template-order-managentment/index.php:15
Stack trace:
#0 /var/www/html/houzez/wp-content/themes/homez/template-order-managentment/index.php(26): generateCSV()
#1 /var/www/html/houzez/wp-content/themes/homez/functions.php(862): include_once('/var/www/html/h...')
#2 /var/www/html/houzez/wp-includes/class-wp-hook.php(308): template_order_management('/var/www/html/h...')
#3 /var/www/html/houzez/wp-includes/plugin.php(205): WP_Hook->apply_filters('/var/www/html/h...', Array)
#4 /var/www/html/houzez/wp-includes/template-loader.php(104): apply_filters('template_includ...', '/var/www/html/h...')
#5 /var/www/html/houzez/wp-blog-header.php(19): require_once('/var/www/html/h...')
#6 /var/www/html/houzez/index.php(17): require('/var/www/html/h...')
#7 {main}
  thrown in /var/www/html/houzez/wp-content/themes/homez/template-order-managentment/index.php on line 15

2023-05-17T14:57:58+00:00 CRITICAL Uncaught ArgumentCountError: Too few arguments to function generateCSV(), 0 passed in /var/www/html/houzez/wp-content/themes/homez/template-order-managentment/index.php on line 26 and exactly 1 expected in /var/www/html/houzez/wp-content/themes/homez/template-order-managentment/index.php:5
Stack trace:
#0 /var/www/html/houzez/wp-content/themes/homez/template-order-managentment/index.php(26): generateCSV()
#1 /var/www/html/houzez/wp-content/themes/homez/functions.php(862): include_once('/var/www/html/h...')
#2 /var/www/html/houzez/wp-includes/class-wp-hook.php(308): template_order_management('/var/www/html/h...')
#3 /var/www/html/houzez/wp-includes/plugin.php(205): WP_Hook->apply_filters('/var/www/html/h...', Array)
#4 /var/www/html/houzez/wp-includes/template-loader.php(104): apply_filters('template_includ...', '/var/www/html/h...')
#5 /var/www/html/houzez/wp-blog-header.php(19): require_once('/var/www/html/h...')
#6 /var/www/html/houzez/index.php(17): require('/var/www/html/h...')
#7 {main}
  thrown in /var/www/html/houzez/wp-content/themes/homez/template-order-managentment/index.php on line 5

2023-05-17T16:05:14+00:00 CRITICAL syntax error, unexpected end of file in /var/www/html/houzez/wp-content/themes/homez/template-order-managentment/index.php on line 523

